[debug] [2019-11-05T03:58:22.446Z] ----------------------------------------------------------------------
[debug] [2019-11-05T03:58:22.448Z] Command:       /home/mhtl/.nvm/versions/node/v10.15.3/bin/node /home/mhtl/.nvm/versions/node/v10.15.3/bin/firebase serve
[debug] [2019-11-05T03:58:22.448Z] CLI Version:   7.6.1
[debug] [2019-11-05T03:58:22.448Z] Platform:      linux
[debug] [2019-11-05T03:58:22.448Z] Node Version:  v10.15.3
[debug] [2019-11-05T03:58:22.448Z] Time:          Mon Nov 04 2019 22:58:22 GMT-0500 (Eastern Standard Time)
[debug] [2019-11-05T03:58:22.448Z] ----------------------------------------------------------------------
[debug] [2019-11-05T03:58:22.448Z] 
[debug] [2019-11-05T03:58:22.453Z] > command requires scopes: ["email","openid","https://www.googleapis.com/auth/cloudplatformprojects.readonly","https://www.googleapis.com/auth/firebase","https://www.googleapis.com/auth/cloud-platform"]
[debug] [2019-11-05T03:58:22.453Z] > authorizing via signed-in user
[debug] [2019-11-05T03:58:22.453Z] [iam] checking project yhack2019-d0dff for permissions ["firebase.projects.get"]
[debug] [2019-11-05T03:58:22.454Z] >>> HTTP REQUEST POST https://cloudresourcemanager.googleapis.com/v1/projects/yhack2019-d0dff:testIamPermissions  

[debug] [2019-11-05T03:58:25.732Z] <<< HTTP RESPONSE 200
[debug] [2019-11-05T03:58:25.737Z] >>> HTTP REQUEST GET https://firebase.googleapis.com/v1beta1/projects/yhack2019-d0dff  
 
[debug] [2019-11-05T03:58:28.287Z] <<< HTTP RESPONSE 200
[info] 
[info] === Serving from '/home/mhtl/Projects/yhack2019'...
[info] 
[debug] [2019-11-05T03:58:28.299Z] >>> HTTP REQUEST GET https://firebase.googleapis.com/v1beta1/projects/yhack2019-d0dff/webApps/-/config  
 
[warn] ⚠  Your requested "node" version "8" doesn't match your global version "10"
[info] ✔  functions: Emulator started at http://localhost:5001
[debug] [2019-11-05T03:58:29.002Z] <<< HTTP RESPONSE 200
[info] i  functions: Watching "/home/mhtl/Projects/yhack2019/functions" for Cloud Functions...
[info] i  hosting: Serving hosting files from: public
[info] ✔  hosting: Local server: http://localhost:5000
[debug] [2019-11-05T03:58:29.285Z] [runtime-status] Functions runtime initialized. {"cwd":"/home/mhtl/Projects/yhack2019/functions","node_version":"10.15.3"}
[debug] [2019-11-05T03:58:29.285Z] [runtime-status] Disabled runtime features: {"functions_config_helper":true,"network_filtering":true,"timeout":true,"memory_limiting":true,"admin_stubs":true} {}
[debug] [2019-11-05T03:58:29.287Z] [runtime-status] Resolved module firebase-admin {"declared":true,"installed":true,"version":"8.6.1","resolution":"/home/mhtl/Projects/yhack2019/functions/node_modules/firebase-admin/lib/index.js"}
[debug] [2019-11-05T03:58:29.288Z] [runtime-status] Resolved module firebase-functions {"declared":true,"installed":true,"version":"3.3.0","resolution":"/home/mhtl/Projects/yhack2019/functions/node_modules/firebase-functions/lib/index.js"}
[debug] [2019-11-05T03:58:29.289Z] [runtime-status] Resolved module firebase-functions {"declared":true,"installed":true,"version":"3.3.0","resolution":"/home/mhtl/Projects/yhack2019/functions/node_modules/firebase-functions/lib/index.js"}
[debug] [2019-11-05T03:58:29.759Z] Unsupported trigger: {"eventTrigger":{"resource":"projects/_/buckets/yhack2019-d0dff.appspot.com","eventType":"google.storage.object.finalize","service":"storage.googleapis.com"},"name":"identifyLogo","entryPoint":"identifyLogo"}
[info] ✔  functions[helloWorld]: http function initialized (http://localhost:5001/yhack2019-d0dff/us-central1/helloWorld).
[info] ✔  functions[transferImage]: http function initialized (http://localhost:5001/yhack2019-d0dff/us-central1/transferImage).
[info] i  functions[identifyLogo]: function ignored because the storage.googleapis.com emulator does not exist or is not running.
[debug] [2019-11-05T03:58:32.526Z] Accepted request GET /yhack2019-d0dff/us-central1/helloWorld --> helloWorld
[debug] [2019-11-05T03:58:32.848Z] [runtime-status] Functions runtime initialized. {"cwd":"/home/mhtl/Projects/yhack2019/functions","node_version":"10.15.3"}
[info] i  functions: Beginning execution of "helloWorld"
[debug] [2019-11-05T03:58:32.849Z] [runtime-status] Disabled runtime features: {"functions_config_helper":true,"network_filtering":true,"timeout":true,"memory_limiting":true,"admin_stubs":true} {}
[debug] [2019-11-05T03:58:32.852Z] [runtime-status] Resolved module firebase-admin {"declared":true,"installed":true,"version":"8.6.1","resolution":"/home/mhtl/Projects/yhack2019/functions/node_modules/firebase-admin/lib/index.js"}
[debug] [2019-11-05T03:58:32.853Z] [runtime-status] Resolved module firebase-functions {"declared":true,"installed":true,"version":"3.3.0","resolution":"/home/mhtl/Projects/yhack2019/functions/node_modules/firebase-functions/lib/index.js"}
[debug] [2019-11-05T03:58:32.854Z] [runtime-status] Resolved module firebase-functions {"declared":true,"installed":true,"version":"3.3.0","resolution":"/home/mhtl/Projects/yhack2019/functions/node_modules/firebase-functions/lib/index.js"}
[debug] [2019-11-05T03:58:33.385Z] [runtime-status] Trigger "helloWorld" has been found, beginning invocation! {}
[debug] [2019-11-05T03:58:33.385Z] [runtime-status]  {"httpsTrigger":{},"name":"helloWorld","entryPoint":"helloWorld"}
[debug] [2019-11-05T03:58:33.386Z] [runtime-status] Running helloWorld in mode HTTPS {}
[debug] [2019-11-05T03:58:33.403Z] {"socketPath":"/tmp/firebase_emulator_invocation_29584.sock"}
[debug] [2019-11-05T03:58:33.404Z] [functions] Runtime ready! Sending request! {"socketPath":"/tmp/firebase_emulator_invocation_29584.sock"}
[debug] [2019-11-05T03:58:33.409Z] [runtime-status] Ephemeral server used! {}
[debug] [2019-11-05T03:58:33.413Z] [runtime-status] Ephemeral server survived. {}
[info] i  functions: Finished "helloWorld" in ~1s
[debug] [2019-11-05T03:58:37.144Z] Accepted request GET /yhack2019-d0dff/us-central1/helloWorld --> helloWorld
[debug] [2019-11-05T03:58:37.484Z] [runtime-status] Functions runtime initialized. {"cwd":"/home/mhtl/Projects/yhack2019/functions","node_version":"10.15.3"}
[info] i  functions: Beginning execution of "helloWorld"
[debug] [2019-11-05T03:58:37.485Z] [runtime-status] Disabled runtime features: {"functions_config_helper":true,"network_filtering":true,"timeout":true,"memory_limiting":true,"admin_stubs":true} {}
[debug] [2019-11-05T03:58:37.487Z] [runtime-status] Resolved module firebase-admin {"declared":true,"installed":true,"version":"8.6.1","resolution":"/home/mhtl/Projects/yhack2019/functions/node_modules/firebase-admin/lib/index.js"}
[debug] [2019-11-05T03:58:37.488Z] [runtime-status] Resolved module firebase-functions {"declared":true,"installed":true,"version":"3.3.0","resolution":"/home/mhtl/Projects/yhack2019/functions/node_modules/firebase-functions/lib/index.js"}
[debug] [2019-11-05T03:58:37.488Z] [runtime-status] Resolved module firebase-functions {"declared":true,"installed":true,"version":"3.3.0","resolution":"/home/mhtl/Projects/yhack2019/functions/node_modules/firebase-functions/lib/index.js"}
[debug] [2019-11-05T03:58:38.013Z] [runtime-status] Trigger "helloWorld" has been found, beginning invocation! {}
[debug] [2019-11-05T03:58:38.013Z] [runtime-status]  {"httpsTrigger":{},"name":"helloWorld","entryPoint":"helloWorld"}
[debug] [2019-11-05T03:58:38.013Z] [runtime-status] Running helloWorld in mode HTTPS {}
[debug] [2019-11-05T03:58:38.028Z] {"socketPath":"/tmp/firebase_emulator_invocation_29607.sock"}
[debug] [2019-11-05T03:58:38.029Z] [functions] Runtime ready! Sending request! {"socketPath":"/tmp/firebase_emulator_invocation_29607.sock"}
[debug] [2019-11-05T03:58:38.040Z] [runtime-status] Ephemeral server used! {}
[debug] [2019-11-05T03:58:38.047Z] [runtime-status] Ephemeral server survived. {}
[info] i  functions: Finished "helloWorld" in ~1s
[debug] [2019-11-05T04:00:11.794Z] Accepted request GET /yhack2019-d0dff/us-central1/helloWorld --> helloWorld
[debug] [2019-11-05T04:00:12.139Z] [runtime-status] Functions runtime initialized. {"cwd":"/home/mhtl/Projects/yhack2019/functions","node_version":"10.15.3"}
[info] i  functions: Beginning execution of "helloWorld"
[debug] [2019-11-05T04:00:12.140Z] [runtime-status] Disabled runtime features: {"functions_config_helper":true,"network_filtering":true,"timeout":true,"memory_limiting":true,"admin_stubs":true} {}
[debug] [2019-11-05T04:00:12.143Z] [runtime-status] Resolved module firebase-admin {"declared":true,"installed":true,"version":"8.6.1","resolution":"/home/mhtl/Projects/yhack2019/functions/node_modules/firebase-admin/lib/index.js"}
[debug] [2019-11-05T04:00:12.144Z] [runtime-status] Resolved module firebase-functions {"declared":true,"installed":true,"version":"3.3.0","resolution":"/home/mhtl/Projects/yhack2019/functions/node_modules/firebase-functions/lib/index.js"}
[debug] [2019-11-05T04:00:12.146Z] [runtime-status] Resolved module firebase-functions {"declared":true,"installed":true,"version":"3.3.0","resolution":"/home/mhtl/Projects/yhack2019/functions/node_modules/firebase-functions/lib/index.js"}
[debug] [2019-11-05T04:00:12.693Z] [runtime-status] Trigger "helloWorld" has been found, beginning invocation! {}
[debug] [2019-11-05T04:00:12.693Z] [runtime-status]  {"httpsTrigger":{},"name":"helloWorld","entryPoint":"helloWorld"}
[debug] [2019-11-05T04:00:12.693Z] [runtime-status] Running helloWorld in mode HTTPS {}
[debug] [2019-11-05T04:00:12.711Z] {"socketPath":"/tmp/firebase_emulator_invocation_29946.sock"}
[debug] [2019-11-05T04:00:12.711Z] [functions] Runtime ready! Sending request! {"socketPath":"/tmp/firebase_emulator_invocation_29946.sock"}
[debug] [2019-11-05T04:00:12.717Z] [runtime-status] Ephemeral server used! {}
[debug] [2019-11-05T04:00:12.722Z] [runtime-status] Ephemeral server survived. {}
[info] i  functions: Finished "helloWorld" in ~1s
[debug] [2019-11-05T04:00:14.779Z] Accepted request GET /yhack2019-d0dff/us-central1/helloWorld --> helloWorld
[debug] [2019-11-05T04:00:15.172Z] [runtime-status] Functions runtime initialized. {"cwd":"/home/mhtl/Projects/yhack2019/functions","node_version":"10.15.3"}
[info] i  functions: Beginning execution of "helloWorld"
[debug] [2019-11-05T04:00:15.173Z] [runtime-status] Disabled runtime features: {"functions_config_helper":true,"network_filtering":true,"timeout":true,"memory_limiting":true,"admin_stubs":true} {}
[debug] [2019-11-05T04:00:15.175Z] [runtime-status] Resolved module firebase-admin {"declared":true,"installed":true,"version":"8.6.1","resolution":"/home/mhtl/Projects/yhack2019/functions/node_modules/firebase-admin/lib/index.js"}
[debug] [2019-11-05T04:00:15.176Z] [runtime-status] Resolved module firebase-functions {"declared":true,"installed":true,"version":"3.3.0","resolution":"/home/mhtl/Projects/yhack2019/functions/node_modules/firebase-functions/lib/index.js"}
[debug] [2019-11-05T04:00:15.179Z] [runtime-status] Resolved module firebase-functions {"declared":true,"installed":true,"version":"3.3.0","resolution":"/home/mhtl/Projects/yhack2019/functions/node_modules/firebase-functions/lib/index.js"}
[debug] [2019-11-05T04:00:15.709Z] [runtime-status] Trigger "helloWorld" has been found, beginning invocation! {}
[debug] [2019-11-05T04:00:15.709Z] [runtime-status]  {"httpsTrigger":{},"name":"helloWorld","entryPoint":"helloWorld"}
[debug] [2019-11-05T04:00:15.709Z] [runtime-status] Running helloWorld in mode HTTPS {}
[debug] [2019-11-05T04:00:15.724Z] {"socketPath":"/tmp/firebase_emulator_invocation_29972.sock"}
[debug] [2019-11-05T04:00:15.724Z] [functions] Runtime ready! Sending request! {"socketPath":"/tmp/firebase_emulator_invocation_29972.sock"}
[debug] [2019-11-05T04:00:15.730Z] [runtime-status] Ephemeral server used! {}
[debug] [2019-11-05T04:00:15.734Z] [runtime-status] Ephemeral server survived. {}
[info] i  functions: Finished "helloWorld" in ~1s
